Started GET "/" for ::1 at 2021-05-26 13:07:46 +0200
  [1m[35m (3.9ms)[0m  [1m[34mSELECT sqlite_version(*)[0m
Processing by Rails::WelcomeController#index as HTML
  Rendering /Users/valentin/.rvm/gems/ruby-3.0.1/gems/railties-6.0.3.7/lib/rails/templates/rails/welcome/index.html.erb
  Rendered /Users/valentin/.rvm/gems/ruby-3.0.1/gems/railties-6.0.3.7/lib/rails/templates/rails/welcome/index.html.erb (Duration: 8.2ms | Allocations: 526)
Completed 200 OK in 25ms (Views: 15.2ms | ActiveRecord: 0.0ms | Allocations: 3317)


Started GET "/" for ::1 at 2021-05-26 14:02:43 +0200
  [1m[35m (0.7ms)[0m  [1m[34mSELECT sqlite_version(*)[0m
Processing by Rails::WelcomeController#index as HTML
  Rendering /Users/valentin/.rvm/gems/ruby-3.0.1/gems/railties-6.0.3.7/lib/rails/templates/rails/welcome/index.html.erb
  Rendered /Users/valentin/.rvm/gems/ruby-3.0.1/gems/railties-6.0.3.7/lib/rails/templates/rails/welcome/index.html.erb (Duration: 10.0ms | Allocations: 418)
Completed 200 OK in 21ms (Views: 13.3ms | ActiveRecord: 0.0ms | Allocations: 2628)


Started GET "/" for ::1 at 2021-05-26 14:57:51 +0200
  [1m[35m (1.3ms)[0m  [1m[34mSELECT sqlite_version(*)[0m
Processing by Rails::WelcomeController#index as HTML
  Rendering /Users/valentin/.rvm/gems/ruby-3.0.1/gems/railties-6.0.3.7/lib/rails/templates/rails/welcome/index.html.erb
  Rendered /Users/valentin/.rvm/gems/ruby-3.0.1/gems/railties-6.0.3.7/lib/rails/templates/rails/welcome/index.html.erb (Duration: 7.7ms | Allocations: 418)
Completed 200 OK in 18ms (Views: 10.4ms | ActiveRecord: 0.0ms | Allocations: 2629)


Started GET "/webops" for ::1 at 2021-05-26 14:57:58 +0200
Processing by WebopsController#index as HTML
  Rendering webops/index.html.erb within layouts/application
  Rendered webops/index.html.erb within layouts/application (Duration: 1.2ms | Allocations: 97)
[Webpacker] Everything's up-to-date. Nothing to do
Completed 200 OK in 59ms (Views: 57.1ms | ActiveRecord: 0.0ms | Allocations: 16887)


